<?xml version="1.0" encoding="UTF-8"?>
<!-- Generated by org.testng.reporters.JUnitReportReporter -->
<testsuite name="com.demo.test.SampleTests" tests="1" time="0.032" ignored="0" failures="0" timestamp="26 Jun 2019 13:25:59 GMT" skipped="0" hostname="DESKTOP-BJ6MB3B" errors="0">
  <testcase name="m1" time="0.032" classname="com.demo.test.SampleTests"/>
</testsuite> <!-- com.demo.test.SampleTests -->
